This is pdfTeX, Version 3.14159265-2.6-1.40.18 (TeX Live 2017) (preloaded format=pdflatex 2018.4.11)  28 MAY 2018 10:45
entering extended mode
 restricted \write18 enabled.
 file:line:error style messages enabled.
 %&-line parsing enabled.
**0-main.tex
(./0-main.tex
LaTeX2e <2017-04-15>
Babel <3.10> and hyphenation patterns for 84 language(s) loaded.
(./G7-32.cls
Document Class: G7-32 2003/07/01 v1.0 Non Standard LaTeX document class
(./G2-105.sty
Package: G2-105 2003/07/07 v1.00 General reqs. GOST 2.105-95
 (./GostBase.clo (/usr/local/texlive/2017/texmf-dist/tex/latex/extsizes/size14.clo
File: size14.clo 1999/11/11 v1.4a NON-Standard LaTeX file (size option)
))
\c@totalpage=\count79
\c@totaltable=\count80
\c@totalfigure=\count81
\c@totalbib=\count82
\GostAfterTitleSkip=\skip41
\GostBetweenTitleSkip=\skip42
\GostBeforTitleSkip=\skip43
\GostBeforNoTitleSkip=\skip44
\GostHTitleSpace=\skip45
\GostTitleIndent=\skip46
\Gost@ChapterIndent=\skip47
\Gost@MainChapterIndent=\skip48
\Gost@TitleDropSkip=\skip49
\c@chapter=\count83
\c@section=\count84
\c@subsection=\count85
\c@subsubsection=\count86
\NirTitleDropSkip=\skip50
 (/usr/local/texlive/2017/texmf-dist/tex/generic/iftex/iftex.sty
Package: iftex 2013/04/04 v0.2 Provides if(tex) conditional for PDFTeX, XeTeX, and LuaTeX
) (/usr/local/texlive/2017/texmf-dist/tex/generic/babel/babel.sty
Package: babel 2017/05/19 3.10 The Babel package
 (/usr/local/texlive/2017/texmf-dist/tex/generic/babel-english/english.ldf
Language: english 2017/01/24 v3.3q English support from the babel system
 (/usr/local/texlive/2017/texmf-dist/tex/generic/babel/babel.def
File: babel.def 2017/05/19 3.10 Babel common definitions
\babel@savecnt=\count87
\U@D=\dimen102
)
\l@canadian = a dialect from \language\l@american 
\l@australian = a dialect from \language\l@british 
\l@newzealand = a dialect from \language\l@british 
) (/usr/local/texlive/2017/texmf-dist/tex/generic/babel-russian/russianb.ldf
Language: russianb 2017/01/12 1.3i Russian support for the Babel system


Package babel Warning: No Cyrillic font encoding has been loaded so far.
(babel)                A font encoding should be declared before babel.
(babel)                Default `T2A' encoding will be loaded  on input line 69.

(/usr/local/texlive/2017/texmf-dist/tex/latex/cyrillic/t2aenc.def
File: t2aenc.def 2005/09/27 v1.0i Cyrillic encoding definition file
)

Package babel Warning: No input encoding specified for Russian language on input line 110.

Package babel Info: Making " an active character on input line 111.
)) (/usr/local/texlive/2017/texmf-dist/tex/latex/base/fontenc.sty
Package: fontenc 2017/04/05 v2.0i Standard LaTeX package
 (/usr/local/texlive/2017/texmf-dist/tex/latex/cyrillic/t2aenc.def
File: t2aenc.def 2005/09/27 v1.0i Cyrillic encoding definition file
LaTeX Font Info:    Redeclaring font encoding T2A on input line 42.
)
LaTeX Font Info:    Try loading font information for T2A+cmr on input line 105.
 (/usr/local/texlive/2017/texmf-dist/tex/latex/cyrillic/t2acmr.fd
File: t2acmr.fd 2001/08/11 v1.0a Computer Modern Cyrillic font definitions
)) (/usr/local/texlive/2017/texmf-dist/tex/latex/base/inputenc.sty
Package: inputenc 2015/03/17 v1.2c Input encoding file
\inpenc@prehook=\toks14
\inpenc@posthook=\toks15
 (/usr/local/texlive/2017/texmf-dist/tex/latex/ucs/utf8x.def
File: utf8x.def 2004/10/17 UCS: Input encoding UTF-8
)) (/usr/local/texlive/2017/texmf-dist/tex/latex/ucs/ucs.sty
Package: ucs 2013/05/11 v2.2 UCS: Unicode input support
 (/usr/local/texlive/2017/texmf-dist/tex/latex/ucs/data/uni-global.def
File: uni-global.def 2013/05/13 UCS: Unicode global data
)
\uc@secondtry=\count88
\uc@combtoks=\toks16
\uc@combtoksb=\toks17
\uc@temptokena=\toks18
) (/usr/local/texlive/2017/texmf-dist/tex/latex/t2/mathtext.sty
Package: mathtext 1999/01/28 v1.0 transparent text-and-math defs
LaTeX Info: Redefining \halign on input line 111.
) (/usr/local/texlive/2017/texmf-dist/tex/latex/cmap/cmap.sty
Package: cmap 2008/03/06 v1.0h CMap support: searchable PDF


Package cmap Warning: fontenc already loaded - some fonts may be unprocessed.

) (/usr/local/texlive/2017/texmf-dist/tex/latex/base/flafter.sty
Package: flafter 2017/04/11 v1.4a Standard LaTeX floats after reference (FMi)
Applying: [2015/01/01] float order in 2-column on input line 49.
Already applied: [0000/00/00] float order in 2-column on input line 151.
)
\GostItemGap=\skip51
\GostItemIndent=\skip52
\GostItemNestedIndent=\skip53
 (/usr/local/texlive/2017/texmf-dist/tex/latex/amsfonts/amssymb.sty
Package: amssymb 2013/01/14 v3.01 AMS font symbols
 (/usr/local/texlive/2017/texmf-dist/tex/latex/amsfonts/amsfonts.sty
Package: amsfonts 2013/01/14 v3.01 Basic AMSFonts support
\@emptytoks=\toks19
\symAMSa=\mathgroup4
\symAMSb=\mathgroup5
LaTeX Font Info:    Overwriting math alphabet `\mathfrak' in version `bold'
(Font)                  U/euf/m/n --> U/euf/b/n on input line 106.
)) (/usr/local/texlive/2017/texmf-dist/tex/latex/amsmath/amsmath.sty
Package: amsmath 2016/11/05 v2.16a AMS math features
\@mathmargin=\skip54

For additional information on amsmath, use the `?' option.
(/usr/local/texlive/2017/texmf-dist/tex/latex/amsmath/amstext.sty
Package: amstext 2000/06/29 v2.01 AMS text
 (/usr/local/texlive/2017/texmf-dist/tex/latex/amsmath/amsgen.sty
File: amsgen.sty 1999/11/30 v2.0 generic functions
\@emptytoks=\toks20
\ex@=\dimen103
)) (/usr/local/texlive/2017/texmf-dist/tex/latex/amsmath/amsbsy.sty
Package: amsbsy 1999/11/29 v1.2d Bold Symbols
\pmbraise@=\dimen104
) (/usr/local/texlive/2017/texmf-dist/tex/latex/amsmath/amsopn.sty
Package: amsopn 2016/03/08 v2.02 operator names
)
\inf@bad=\count89
LaTeX Info: Redefining \frac on input line 213.
\uproot@=\count90
\leftroot@=\count91
LaTeX Info: Redefining \overline on input line 375.
\classnum@=\count92
\DOTSCASE@=\count93
LaTeX Info: Redefining \ldots on input line 472.
LaTeX Info: Redefining \dots on input line 475.
LaTeX Info: Redefining \cdots on input line 596.
\Mathstrutbox@=\box26
\strutbox@=\box27
\big@size=\dimen105
LaTeX Font Info:    Redeclaring font encoding OML on input line 712.
\symOMLletters=\mathgroup6
LaTeX Font Info:    Redeclaring font encoding OMS on input line 713.
\symOMSletters=\mathgroup7
\macc@depth=\count94
\c@MaxMatrixCols=\count95
\dotsspace@=\muskip10
\c@parentequation=\count96
\dspbrk@lvl=\count97
\tag@help=\toks21
\row@=\count98
\column@=\count99
\maxfields@=\count100
\andhelp@=\toks22
\eqnshift@=\dimen106
\alignsep@=\dimen107
\tagshift@=\dimen108
\tagwidth@=\dimen109
\totwidth@=\dimen110
\lineht@=\dimen111
\@envbody=\toks23
\multlinegap=\skip55
\multlinetaggap=\skip56
\mathdisplay@stack=\toks24
LaTeX Info: Redefining \[ on input line 2817.
LaTeX Info: Redefining \] on input line 2818.
) (/usr/local/texlive/2017/texmf-dist/tex/latex/was/icomma.sty
Package: icomma 2002/03/10 v2.0 (WaS)
) (/usr/local/texlive/2017/texmf-dist/tex/latex/base/leqno.clo
File: leqno.clo 2016/12/29 v1.2a Standard LaTeX option (left equation numbers)
)
\Gost@EqRemLen=\skip57
\Gost@@EqRemLen=\skip58
 (/usr/local/texlive/2017/texmf-dist/tex/latex/caption/caption.sty
Package: caption 2016/02/21 v3.3-144 Customizing captions (AR)
 (/usr/local/texlive/2017/texmf-dist/tex/latex/caption/caption3.sty
Package: caption3 2016/05/22 v1.7-166 caption3 kernel (AR)
Package caption3 Info: TeX engine: e-TeX on input line 67.
 (/usr/local/texlive/2017/texmf-dist/tex/latex/graphics/keyval.sty
Package: keyval 2014/10/28 v1.15 key=value parser (DPC)
\KV@toks@=\toks25
)
\captionmargin=\dimen112
\captionmargin@=\dimen113
\captionwidth=\dimen114
\caption@tempdima=\dimen115
\caption@indent=\dimen116
\caption@parindent=\dimen117
\caption@hangindent=\dimen118
\abovecaptionskip=\skip59
\belowcaptionskip=\skip60
Package caption Info: Unknown document class (or package),
(caption)             standard defaults will be used.
)

Package caption Warning: Unsupported document class (or package) detected,
(caption)                usage of the caption package is not recommended.
See the caption package documentation for explanation.

Package caption Info: \@makecaption = undefined.
\c@ContinuedFloat=\count101
)
\c@figure=\count102
\c@table=\count103
 (/usr/local/texlive/2017/texmf-dist/tex/latex/tools/longtable.sty
Package: longtable 2014/10/28 v4.11 Multi-page Table package (DPC)
\LTleft=\skip61
\LTright=\skip62
\LTpre=\skip63
\LTpost=\skip64
\LTchunksize=\count104
\LTcapwidth=\dimen119
\LT@head=\box28
\LT@firsthead=\box29
\LT@foot=\box30
\LT@lastfoot=\box31
\LT@cols=\count105
\LT@rows=\count106
\c@LT@tables=\count107
\c@LT@chunks=\count108
\LT@p@ftn=\toks26
) (/usr/local/texlive/2017/texmf-dist/tex/latex/footmisc/footmisc.sty
Package: footmisc 2011/06/06 v5.5b a miscellany of footnote facilities
\FN@temptoken=\toks27
\footnotemargin=\dimen120
\c@pp@next@reset=\count109
\c@@fnserial=\count110
Package footmisc Info: Declaring symbol style bringhurst on input line 855.
Package footmisc Info: Declaring symbol style chicago on input line 863.
Package footmisc Info: Declaring symbol style wiley on input line 872.
Package footmisc Info: Declaring symbol style lamport-robust on input line 883.
Package footmisc Info: Declaring symbol style lamport* on input line 903.
Package footmisc Info: Declaring symbol style lamport*-robust on input line 924.
)
\bibindent=\dimen121
) (/usr/local/texlive/2017/texmf-dist/tex/latex/geometry/geometry.sty
Package: geometry 2010/09/12 v5.6 Page Geometry
 (/usr/local/texlive/2017/texmf-dist/tex/generic/oberdiek/ifpdf.sty
Package: ifpdf 2017/03/15 v3.2 Provides the ifpdf switch
) (/usr/local/texlive/2017/texmf-dist/tex/generic/oberdiek/ifvtex.sty
Package: ifvtex 2016/05/16 v1.6 Detect VTeX and its facilities (HO)
Package ifvtex Info: VTeX not detected.
) (/usr/local/texlive/2017/texmf-dist/tex/generic/ifxetex/ifxetex.sty
Package: ifxetex 2010/09/12 v0.6 Provides ifxetex conditional
)
\Gm@cnth=\count111
\Gm@cntv=\count112
\c@Gm@tempcnt=\count113
\Gm@bindingoffset=\dimen122
\Gm@wd@mp=\dimen123
\Gm@odd@mp=\dimen124
\Gm@even@mp=\dimen125
\Gm@layoutwidth=\dimen126
\Gm@layoutheight=\dimen127
\Gm@layouthoffset=\dimen128
\Gm@layoutvoffset=\dimen129
\Gm@dimlist=\toks28
) (./G7-32.sty
Package: G7-32 2003/07/07 v1.00 Titles for GOST 7.32-2001
))
\@input{10-preamble.aux}
\openout2 = `10-preamble.aux'.

(./10-preamble.tex (/usr/local/texlive/2017/texmf-dist/tex/latex/hyperref/hyperref.sty
Package: hyperref 2017/03/14 v6.85a Hypertext links for LaTeX
 (/usr/local/texlive/2017/texmf-dist/tex/generic/oberdiek/hobsub-hyperref.sty
Package: hobsub-hyperref 2016/05/16 v1.14 Bundle oberdiek, subset hyperref (HO)
 (/usr/local/texlive/2017/texmf-dist/tex/generic/oberdiek/hobsub-generic.sty
Package: hobsub-generic 2016/05/16 v1.14 Bundle oberdiek, subset generic (HO)
Package: hobsub 2016/05/16 v1.14 Construct package bundles (HO)
Package: infwarerr 2016/05/16 v1.4 Providing info/warning/error messages (HO)
Package: ltxcmds 2016/05/16 v1.23 LaTeX kernel commands for general use (HO)
Package: ifluatex 2016/05/16 v1.4 Provides the ifluatex switch (HO)
Package ifluatex Info: LuaTeX not detected.
Package hobsub Info: Skipping package `ifvtex' (already loaded).
Package: intcalc 2016/05/16 v1.2 Expandable calculations with integers (HO)
Package hobsub Info: Skipping package `ifpdf' (already loaded).
Package: etexcmds 2016/05/16 v1.6 Avoid name clashes with e-TeX commands (HO)
Package etexcmds Info: Could not find \expanded.
(etexcmds)             That can mean that you are not using pdfTeX 1.50 or
(etexcmds)             that some package has redefined \expanded.
(etexcmds)             In the latter case, load this package earlier.
Package: kvsetkeys 2016/05/16 v1.17 Key value parser (HO)
Package: kvdefinekeys 2016/05/16 v1.4 Define keys (HO)
Package: pdftexcmds 2017/03/19 v0.25 Utility functions of pdfTeX for LuaTeX (HO)
Package pdftexcmds Info: LuaTeX not detected.
Package pdftexcmds Info: \pdf@primitive is available.
Package pdftexcmds Info: \pdf@ifprimitive is available.
Package pdftexcmds Info: \pdfdraftmode found.
Package: pdfescape 2016/05/16 v1.14 Implements pdfTeX's escape features (HO)
Package: bigintcalc 2016/05/16 v1.4 Expandable calculations on big integers (HO)
Package: bitset 2016/05/16 v1.2 Handle bit-vector datatype (HO)
Package: uniquecounter 2016/05/16 v1.3 Provide unlimited unique counter (HO)
)
Package hobsub Info: Skipping package `hobsub' (already loaded).
Package: letltxmacro 2016/05/16 v1.5 Let assignment for LaTeX macros (HO)
Package: hopatch 2016/05/16 v1.3 Wrapper for package hooks (HO)
Package: xcolor-patch 2016/05/16 xcolor patch
Package: atveryend 2016/05/16 v1.9 Hooks at the very end of document (HO)
Package atveryend Info: \enddocument detected (standard20110627).
Package: atbegshi 2016/06/09 v1.18 At begin shipout hook (HO)
Package: refcount 2016/05/16 v3.5 Data extraction from label references (HO)
Package: hycolor 2016/05/16 v1.8 Color options for hyperref/bookmark (HO)
) (/usr/local/texlive/2017/texmf-dist/tex/latex/oberdiek/auxhook.sty
Package: auxhook 2016/05/16 v1.4 Hooks for auxiliary files (HO)
) (/usr/local/texlive/2017/texmf-dist/tex/latex/oberdiek/kvoptions.sty
Package: kvoptions 2016/05/16 v3.12 Key value format for package options (HO)
)
\@linkdim=\dimen130
\Hy@linkcounter=\count114
\Hy@pagecounter=\count115
 (/usr/local/texlive/2017/texmf-dist/tex/latex/hyperref/pd1enc.def
File: pd1enc.def 2017/03/14 v6.85a Hyperref: PDFDocEncoding definition (HO)
\symPD1letters=\mathgroup8
)
\Hy@SavedSpaceFactor=\count116
Package hyperref Info: Option `unicode' set `true' on input line 3453.
 (/usr/local/texlive/2017/texmf-dist/tex/latex/hyperref/puenc.def
File: puenc.def 2017/03/14 v6.85a Hyperref: PDF Unicode definition (HO)
\symPUletters=\mathgroup9
) (/usr/local/texlive/2017/texmf-dist/tex/latex/latexconfig/hyperref.cfg
File: hyperref.cfg 2002/06/06 v1.2 hyperref configuration of TeXLive
)
Package hyperref Info: Option `bookmarks' set `true' on input line 4374.
Package hyperref Info: Option `colorlinks' set `true' on input line 4374.
Package hyperref Info: Option `unicode' set `true' on input line 4374.
Package hyperref Info: Hyper figures OFF on input line 4498.
Package hyperref Info: Link nesting OFF on input line 4503.
Package hyperref Info: Hyper index ON on input line 4506.
Package hyperref Info: Plain pages OFF on input line 4513.
Package hyperref Info: Backreferencing OFF on input line 4518.
Package hyperref Info: Implicit mode ON; LaTeX internals redefined.
Package hyperref Info: Bookmarks ON on input line 4751.
\c@Hy@tempcnt=\count117
 (/usr/local/texlive/2017/texmf-dist/tex/latex/url/url.sty
\Urlmuskip=\muskip11
Package: url 2013/09/16  ver 3.4  Verb mode for urls, etc.
)
LaTeX Info: Redefining \url on input line 5104.
\XeTeXLinkMargin=\dimen131
\Fld@menulength=\count118
\Field@Width=\dimen132
\Fld@charsize=\dimen133
Package hyperref Info: Hyper figures OFF on input line 6358.
Package hyperref Info: Link nesting OFF on input line 6363.
Package hyperref Info: Hyper index ON on input line 6366.
Package hyperref Info: backreferencing OFF on input line 6373.
Package hyperref Info: Link coloring ON on input line 6376.
Package hyperref Info: Link coloring with OCG OFF on input line 6383.
Package hyperref Info: PDF/A mode OFF on input line 6388.
LaTeX Info: Redefining \ref on input line 6428.
LaTeX Info: Redefining \pageref on input line 6432.
\Hy@abspage=\count119
\c@Item=\count120
\c@Hfootnote=\count121
)

Package hyperref Message: Driver (autodetected): hpdftex.

(/usr/local/texlive/2017/texmf-dist/tex/latex/hyperref/hpdftex.def
File: hpdftex.def 2017/03/14 v6.85a Hyperref driver for pdfTeX
\Fld@listcount=\count122
\c@bookmark@seq@number=\count123
 (/usr/local/texlive/2017/texmf-dist/tex/latex/oberdiek/rerunfilecheck.sty
Package: rerunfilecheck 2016/05/16 v1.8 Rerun checks for auxiliary files (HO)
Package uniquecounter Info: New unique counter `rerunfilecheck' on input line 282.
)
\Hy@SectionHShift=\skip65
) (/usr/local/texlive/2017/texmf-dist/tex/latex/hyperref/nameref.sty
Package: nameref 2016/05/21 v2.44 Cross-referencing by name of section
 (/usr/local/texlive/2017/texmf-dist/tex/generic/oberdiek/gettitlestring.sty
Package: gettitlestring 2016/05/16 v1.5 Cleanup title references (HO)
)
\c@section@level=\count124
) (/usr/local/texlive/2017/texmf-dist/tex/latex/was/gensymb.sty
Package: gensymb 2003/07/02 v1.0 (WaS)
) (/usr/local/texlive/2017/texmf-dist/tex/latex/csvsimple/csvsimple.sty
Package: csvsimple 2016/07/01 version 1.20 LaTeX CSV file processing
 (/usr/local/texlive/2017/texmf-dist/tex/latex/pgf/utilities/pgfkeys.sty (/usr/local/texlive/2017/texmf-dist/tex/generic/pgf/utilities/pgfkeys.code.tex
\pgfkeys@pathtoks=\toks29
\pgfkeys@temptoks=\toks30
 (/usr/local/texlive/2017/texmf-dist/tex/generic/pgf/utilities/pgfkeysfiltered.code.tex
\pgfkeys@tmptoks=\toks31
))) (/usr/local/texlive/2017/texmf-dist/tex/latex/base/ifthen.sty
Package: ifthen 2014/09/29 v1.1c Standard LaTeX ifthen package (DPC)
) (/usr/local/texlive/2017/texmf-dist/tex/latex/etoolbox/etoolbox.sty
Package: etoolbox 2017/01/02 v2.4 e-TeX tools for LaTeX (JAW)
\etb@tempcnta=\count125
) (/usr/local/texlive/2017/texmf-dist/tex/latex/tools/shellesc.sty
Package: shellesc 2016/06/07 v0.02a unified shell escape interface for LaTeX
Package shellesc Info: Restricted shell escape enabled on input line 69.
)
\csv@file=\read1
\c@csvinputline=\count126
\c@csvrow=\count127
\c@csvcol=\count128
\csv@out=\write3
) (/usr/local/texlive/2017/texmf-dist/tex/latex/datatool/datatool.sty
Package: datatool 2016/07/28 v2.27 (NLCT)
 (/usr/local/texlive/2017/texmf-dist/tex/latex/xkeyval/xkeyval.sty
Package: xkeyval 2014/12/03 v2.7a package option processing (HA)
 (/usr/local/texlive/2017/texmf-dist/tex/generic/xkeyval/xkeyval.tex (/usr/local/texlive/2017/texmf-dist/tex/generic/xkeyval/xkvutils.tex
\XKV@toks=\toks32
\XKV@tempa@toks=\toks33
)
\XKV@depth=\count129
File: xkeyval.tex 2014/12/03 v2.7a key=value parser (HA)
)) (/usr/local/texlive/2017/texmf-dist/tex/latex/xfor/xfor.sty
Package: xfor 2009/02/05 v1.05 (NLCT)
) (/usr/local/texlive/2017/texmf-dist/tex/latex/substr/substr.sty
Package: substr 2009/10/20 v1.2 Handle substrings
\c@su@anzahl=\count130
) (/usr/local/texlive/2017/texmf-dist/tex/latex/datatool/datatool-base.sty
Package: datatool-base 2016/07/28 v2.27 (NLCT)
 (/usr/local/texlive/2017/texmf-dist/tex/latex/datatool/datatool-fp.sty
Package: datatool-fp 2016/07/28 v2.27 (NLCT)
 (/usr/local/texlive/2017/texmf-dist/tex/latex/fp/fp.sty
Package: fp 1995/04/02
 `Fixed Point Package', Version 0.8, April 2, 1995 (C) Michael Mehlich (/usr/local/texlive/2017/texmf-dist/tex/latex/fp/defpattern.sty
Package: defpattern 1994/10/12
\actioncount=\count131
) (/usr/local/texlive/2017/texmf-dist/tex/latex/fp/fp-basic.sty
Package: fp-basic 1996/05/13
\FP@xs=\count132
\FP@xia=\count133
\FP@xib=\count134
\FP@xfa=\count135
\FP@xfb=\count136
\FP@rega=\count137
\FP@regb=\count138
\FP@regs=\count139
\FP@times=\count140
) (/usr/local/texlive/2017/texmf-dist/tex/latex/fp/fp-addons.sty
Package: fp-addons 1995/03/15
) (/usr/local/texlive/2017/texmf-dist/tex/latex/fp/fp-snap.sty
Package: fp-snap 1995/04/05
) (/usr/local/texlive/2017/texmf-dist/tex/latex/fp/fp-exp.sty
Package: fp-exp 1995/04/03
) (/usr/local/texlive/2017/texmf-dist/tex/latex/fp/fp-trigo.sty
Package: fp-trigo 1995/04/14
) (/usr/local/texlive/2017/texmf-dist/tex/latex/fp/fp-pas.sty
Package: fp-pas 1994/08/29
) (/usr/local/texlive/2017/texmf-dist/tex/latex/fp/fp-random.sty
Package: fp-random 1995/02/23
\FPseed=\count141
)
(/usr/local/texlive/2017/texmf-dist/tex/latex/fp/fp-eqn.sty
Package: fp-eqn 1995/04/03
) (/usr/local/texlive/2017/texmf-dist/tex/latex/fp/fp-upn.sty
Package: fp-upn 1996/10/21
) (/usr/local/texlive/2017/texmf-dist/tex/latex/fp/fp-eval.sty
Package: fp-eval 1995/04/03
)))
\@dtl@toks=\toks34
\@dtl@tmpcount=\count142
\dtl@tmplength=\skip66
\dtl@sortresult=\count143
\@dtl@numgrpsepcount=\count144
\@dtl@datatype=\count145
\dtl@codeA=\count146
\dtl@codeB=\count147
\@dtl@foreach@level=\count148
)
\dtlcolumnnum=\count149
\dtlrownum=\count150
\@dtl@before=\toks35
\@dtl@after=\toks36
\@dtl@colhead=\toks37
\dtlcurrentrow=\toks38
\dtlbeforerow=\toks39
\dtlafterrow=\toks40
\dtlforeachlevel=\count151
\c@DTLrowi=\count152
\c@DTLrowii=\count153
\c@DTLrowiii=\count154
\c@DTLrow=\count155
\dtl@rowi=\count156
\dtl@rowii=\count157
\dtl@rowiii=\count158
\@dtl@curi=\toks41
\@dtl@previ=\toks42
\@dtl@nexti=\toks43
\@dtl@curii=\toks44
\@dtl@previi=\toks45
\@dtl@nextii=\toks46
\@dtl@curiii=\toks47
\@dtl@previii=\toks48
\@dtl@nextiii=\toks49
\@dtl@elements=\count159
\@dtl@list=\toks50
\@dtl@rowa=\toks51
\@dtl@rowb=\toks52
\@dtl@toksA=\toks53
\@dtl@toksB=\toks54
\@dtl@write=\write4
\@dtl@read=\read2
\dtl@entrycr=\count160
\dtl@omitlines=\count161
) (/usr/local/texlive/2017/texmf-dist/tex/latex/algorithms/algorithm.sty
Package: algorithm 2009/08/24 v0.1 Document Style `algorithm' - floating environment
 (/usr/local/texlive/2017/texmf-dist/tex/latex/float/float.sty
Package: float 2001/11/08 v1.3d Float enhancements (AL)
\c@float@type=\count162
\float@exts=\toks55
\float@box=\box32
\@float@everytoks=\toks56
\@floatcapt=\box33
)
\@float@every@algorithm=\toks57
\c@algorithm=\count163
) (/usr/local/texlive/2017/texmf-dist/tex/latex/algorithmicx/algpseudocode.sty
Package: algpseudocode 
 (/usr/local/texlive/2017/texmf-dist/tex/latex/algorithmicx/algorithmicx.sty
Package: algorithmicx 2005/04/27 v1.2 Algorithmicx

Document Style algorithmicx 1.2 - a greatly improved `algorithmic' style
\c@ALG@line=\count164
\c@ALG@rem=\count165
\c@ALG@nested=\count166
\ALG@tlm=\skip67
\ALG@thistlm=\skip68
\c@ALG@Lnr=\count167
\c@ALG@blocknr=\count168
\c@ALG@storecount=\count169
\c@ALG@tmpcounter=\count170
\ALG@tmplength=\skip69
)
Document Style - pseudocode environments for use with the `algorithmicx' style
) (/usr/local/texlive/2017/texmf-dist/tex/latex/graphics/graphicx.sty
Package: graphicx 2014/10/28 v1.0g Enhanced LaTeX Graphics (DPC,SPQR)
 (/usr/local/texlive/2017/texmf-dist/tex/latex/graphics/graphics.sty
Package: graphics 2017/04/14 v1.1b Standard LaTeX Graphics (DPC,SPQR)
 (/usr/local/texlive/2017/texmf-dist/tex/latex/graphics/trig.sty
Package: trig 2016/01/03 v1.10 sin cos tan (DPC)
) (/usr/local/texlive/2017/texmf-dist/tex/latex/graphics-cfg/graphics.cfg
File: graphics.cfg 2016/06/04 v1.11 sample graphics configuration
)
Package graphics Info: Driver file: pdftex.def on input line 99.
 (/usr/local/texlive/2017/texmf-dist/tex/latex/graphics-def/pdftex.def
File: pdftex.def 2017/01/12 v0.06k Graphics/color for pdfTeX
\Gread@gobject=\count171
))
\Gin@req@height=\dimen134
\Gin@req@width=\dimen135
) (/usr/local/texlive/2017/texmf-dist/tex/latex/tools/enumerate.sty
Package: enumerate 2015/07/23 v3.00 enumerate extensions (DPC)
\@enLab=\toks58
)) (/Users/const/Documents/Develop/labs-2term/Discrete-math--courswork/doc/tex/.texpadtmp/0-main.aux (/Users/const/Documents/Develop/labs-2term/Discrete-math--courswork/doc/tex/.texpadtmp/31-analysis.aux) (/Users/const/Documents/Develop/labs-2term/Discrete-math--courswork/doc/tex/.texpadtmp/32-program-design.aux

LaTeX Warning: Label `axis:cube' multiply defined.


LaTeX Warning: Label `axis:axial' multiply defined.


LaTeX Warning: Label `axis:cube' multiply defined.


LaTeX Warning: Label `axis:axial' multiply defined.

) (/Users/const/Documents/Develop/labs-2term/Discrete-math--courswork/doc/tex/.texpadtmp/33-program-realization.aux

LaTeX Warning: Label `my-label' multiply defined.


LaTeX Warning: Label `my-label' multiply defined.

) (/Users/const/Documents/Develop/labs-2term/Discrete-math--courswork/doc/tex/.texpadtmp/34-instruction.aux

LaTeX Warning: Label `axis:cube' multiply defined.


LaTeX Warning: Label `axis:axial' multiply defined.


LaTeX Warning: Label `axis:cube' multiply defined.


LaTeX Warning: Label `axis:axial' multiply defined.


LaTeX Warning: Label `axis:cube' multiply defined.


LaTeX Warning: Label `axis:axial' multiply defined.

) (/Users/const/Documents/Develop/labs-2term/Discrete-math--courswork/doc/tex/.texpadtmp/35-testing.aux

LaTeX Warning: Label `my-label' multiply defined.

) (/Users/const/Documents/Develop/labs-2term/Discrete-math--courswork/doc/tex/.texpadtmp/5-biblio.aux))
\openout1 = `0-main.aux'.

LaTeX Font Info:    Checking defaults for OML/cmm/m/it on input line 11.
LaTeX Font Info:    ... okay on input line 11.
LaTeX Font Info:    Checking defaults for T1/cmr/m/n on input line 11.
LaTeX Font Info:    ... okay on input line 11.
LaTeX Font Info:    Checking defaults for OT1/cmr/m/n on input line 11.
LaTeX Font Info:    ... okay on input line 11.
LaTeX Font Info:    Checking defaults for OMS/cmsy/m/n on input line 11.
LaTeX Font Info:    ... okay on input line 11.
LaTeX Font Info:    Checking defaults for OMX/cmex/m/n on input line 11.
LaTeX Font Info:    ... okay on input line 11.
LaTeX Font Info:    Checking defaults for U/cmr/m/n on input line 11.
LaTeX Font Info:    ... okay on input line 11.
LaTeX Font Info:    Checking defaults for T2A/cmr/m/n on input line 11.
LaTeX Font Info:    ... okay on input line 11.
LaTeX Font Info:    Checking defaults for PD1/pdf/m/n on input line 11.
LaTeX Font Info:    ... okay on input line 11.
LaTeX Font Info:    Checking defaults for PU/pdf/m/n on input line 11.
LaTeX Font Info:    ... okay on input line 11.
 (/usr/local/texlive/2017/texmf-dist/tex/latex/ucs/ucsencs.def
File: ucsencs.def 2011/01/21 Fixes to fontencodings LGR, T3
)
Package caption Info: Begin \AtBeginDocument code.
Package caption Info: float package is loaded.
Package caption Info: hyperref package is loaded.
Package caption Info: longtable package is loaded.
 (/usr/local/texlive/2017/texmf-dist/tex/latex/caption/ltcaption.sty
Package: ltcaption 2013/06/09 v1.4-94 longtable captions (AR)
)
Package caption Info: End \AtBeginDocument code.

*geometry* driver: auto-detecting
*geometry* detected driver: pdftex
*geometry* verbose mode - [ preamble ] result:
* driver: pdftex
* paper: <default>
* layout: <same size as paper>
* layoutoffset:(h,v)=(0.0pt,0.0pt)
* modes: 
* h-part:(L,W,R)=(85.35826pt, 455.24411pt, 56.9055pt)
* v-part:(T,H,B)=(56.9055pt, 731.23584pt, 56.9055pt)
* \paperwidth=597.50787pt
* \paperheight=845.04684pt
* \textwidth=455.24411pt
* \textheight=731.23584pt
* \oddsidemargin=13.08827pt
* \evensidemargin=13.08827pt
* \topmargin=-29.36449pt
* \headheight=14.0pt
* \headsep=0.0pt
* \topskip=14.0pt
* \footskip=30.0pt
* \marginparwidth=15.0pt
* \marginparsep=10.0pt
* \columnsep=10.0pt
* \skip\footins=12.0pt plus 4.0pt minus 2.0pt
* \hoffset=0.0pt
* \voffset=0.0pt
* \mag=1000
* \@twocolumnfalse
* \@twosidefalse
* \@mparswitchfalse
* \@reversemarginfalse
* (1in=72.27pt=25.4mm, 1cm=28.453pt)

\AtBeginShipoutBox=\box34
(/usr/local/texlive/2017/texmf-dist/tex/latex/graphics/color.sty
Package: color 2016/07/10 v1.1e Standard LaTeX Color (DPC)
 (/usr/local/texlive/2017/texmf-dist/tex/latex/graphics-cfg/color.cfg
File: color.cfg 2016/01/02 v1.6 sample color configuration
)
Package color Info: Driver file: pdftex.def on input line 147.
)
Package hyperref Info: Link coloring ON on input line 11.
LaTeX Info: Redefining \ref on input line 11.
LaTeX Info: Redefining \pageref on input line 11.
LaTeX Info: Redefining \nameref on input line 11.
 (/Users/const/Documents/Develop/labs-2term/Discrete-math--courswork/doc/tex/.texpadtmp/0-main.out) (/Users/const/Documents/Develop/labs-2term/Discrete-math--courswork/doc/tex/.texpadtmp/0-main.out)
\@outlinefile=\write5
\openout5 = `0-main.out'.

LaTeX Info: Redefining \celsius on input line 11.
Package gensymb Info: Faking symbols for \degree and \celsius on input line 11.


Package gensymb Warning: Not defining \perthousand.

LaTeX Info: Redefining \ohm on input line 11.
Package gensymb Info: Using \Omega for \ohm on input line 11.

Package gensymb Warning: Not defining \micro.

(/usr/local/texlive/2017/texmf-dist/tex/context/base/mkii/supp-pdf.mkii
[Loading MPS to PDF converter (version 2006.09.02).]
\scratchcounter=\count172
\scratchdimen=\dimen136
\scratchbox=\box35
\nofMPsegments=\count173
\nofMParguments=\count174
\everyMPshowfont=\toks59
\MPscratchCnt=\count175
\MPscratchDim=\dimen137
\MPnumerator=\count176
\makeMPintoPDFobject=\count177
\everyMPtoPDFconversion=\toks60
) (/usr/local/texlive/2017/texmf-dist/tex/latex/oberdiek/epstopdf-base.sty
Package: epstopdf-base 2016/05/15 v2.6 Base part for package epstopdf
 (/usr/local/texlive/2017/texmf-dist/tex/latex/oberdiek/grfext.sty
Package: grfext 2016/05/16 v1.2 Manage graphics extensions (HO)
)
Package epstopdf-base Info: Redefining graphics rule for `.eps' on input line 438.
Package grfext Info: Graphics extension search list:
(grfext)             [.jpg,.pdf,.png,.eps]
(grfext)             \AppendGraphicsExtensions on input line 456.
 (/usr/local/texlive/2017/texmf-dist/tex/latex/latexconfig/epstopdf-sys.cfg
File: epstopdf-sys.cfg 2010/07/13 v1.3 Configuration of (r)epstopdf for TeX Live
))<<t2a.cmap>> (/Users/const/Documents/Develop/labs-2term/Discrete-math--courswork/doc/tex/.texpadtmp/0-main.toc<<ot1.cmap>><<oml.cmap>><<oms.cmap>><<omx.cmap>>
LaTeX Font Info:    Try loading font information for U+msa on input line 2.
 (/usr/local/texlive/2017/texmf-dist/tex/latex/amsfonts/umsa.fd
File: umsa.fd 2013/01/14 v3.01 AMS symbols A
)
LaTeX Font Info:    Try loading font information for U+msb on input line 2.
 (/usr/local/texlive/2017/texmf-dist/tex/latex/amsfonts/umsb.fd
File: umsb.fd 2013/01/14 v3.01 AMS symbols B
)
LaTeX Font Info:    Try loading font information for OML+cmr on input line 2.
 (/usr/local/texlive/2017/texmf-dist/tex/latex/base/omlcmr.fd
File: omlcmr.fd 2014/09/29 v2.5h Standard LaTeX font definitions
)
LaTeX Font Info:    Font shape `OML/cmr/m/n' in size <14.4> not available
(Font)              Font shape `OML/cmm/m/it' tried instead on input line 2.
LaTeX Font Info:    Font shape `OML/cmr/m/n' in size <10> not available
(Font)              Font shape `OML/cmm/m/it' tried instead on input line 2.
LaTeX Font Info:    Font shape `OML/cmr/m/n' in size <7> not available
(Font)              Font shape `OML/cmm/m/it' tried instead on input line 2.
LaTeX Font Info:    Try loading font information for OMS+cmr on input line 2.
 (/usr/local/texlive/2017/texmf-dist/tex/latex/base/omscmr.fd
File: omscmr.fd 2014/09/29 v2.5h Standard LaTeX font definitions
)
LaTeX Font Info:    Font shape `OMS/cmr/m/n' in size <14.4> not available
(Font)              Font shape `OMS/cmsy/m/n' tried instead on input line 2.
LaTeX Font Info:    Font shape `OMS/cmr/m/n' in size <10> not available
(Font)              Font shape `OMS/cmsy/m/n' tried instead on input line 2.
LaTeX Font Info:    Font shape `OMS/cmr/m/n' in size <7> not available
(Font)              Font shape `OMS/cmsy/m/n' tried instead on input line 2.
LaTeX Font Info:    Try loading font information for PD1+cmr on input line 2.
LaTeX Font Info:    No file PD1cmr.fd. on input line 2.


LaTeX Font Warning: Font shape `PD1/cmr/m/n' undefined
(Font)              using `PD1/pdf/m/n' instead on input line 2.

LaTeX Font Info:    Try loading font information for PU+cmr on input line 2.
LaTeX Font Info:    No file PUcmr.fd. on input line 2.

LaTeX Font Warning: Font shape `PU/cmr/m/n' undefined
(Font)              using `PU/pdf/m/n' instead on input line 2.

)
\tf@toc=\write6
\openout6 = `0-main.toc'.

Package babel Info: Redefining russian shorthand "|
(babel)             in language  on input line 21.
Package babel Info: Redefining russian shorthand "~
(babel)             in language  on input line 21.
Package babel Info: Redefining russian shorthand "|
(babel)             in language  on input line 21.
Package babel Info: Redefining russian shorthand "~
(babel)             in language  on input line 21.
 [2



\FN@pp@footnotehinttrue 


{/usr/local/texlive/2017/texmf-var/fonts/map/pdftex/updmap/pdftex.map}]
\openout2 = `31-analysis.aux'.

 (./31-analysis.tex (/usr/local/texlive/2017/texmf-dist/tex/latex/ucs/data/uni-4.def
File: uni-4.def 2013/05/13 UCS: Unicode data U+0400..U+04FF
)
Package babel Info: Redefining russian shorthand "|
(babel)             in language  on input line 2.
Package babel Info: Redefining russian shorthand "~
(babel)             in language  on input line 2.
Package babel Info: Redefining russian shorthand "|
(babel)             in language  on input line 9.
Package babel Info: Redefining russian shorthand "~
(babel)             in language  on input line 9.
 <inc/img/hexagon_grid.pdf, id=67, 911.405pt x 610.28pt>
File: inc/img/hexagon_grid.pdf Graphic file (type pdf)
 <use inc/img/hexagon_grid.pdf>
Package pdftex.def Info: inc/img/hexagon_grid.pdf used on input line 22.
(pdftex.def)             Requested size: 382.2173pt x 255.937pt.
Package babel Info: Redefining russian shorthand "|
(babel)             in language  on input line 32.
Package babel Info: Redefining russian shorthand "~
(babel)             in language  on input line 32.
Package babel Info: Redefining russian shorthand "|
(babel)             in language  on input line 32.
Package babel Info: Redefining russian shorthand "~
(babel)             in language  on input line 32.
 [3



 <./inc/img/hexagon_grid.pdf>]
Underfull \hbox (badness 10000) in paragraph at lines 39--42
\T2A/cmr/m/n/14.4 где hexagonW --- ши^^?ри^^?на ше^^?сти^^?уголь^^?ни^^?ка, ко^^?то^^?рая рав^^?на
 []

Package babel Info: Redefining russian shorthand "|
(babel)             in language  on input line 43.
Package babel Info: Redefining russian shorthand "~
(babel)             in language  on input line 43.
Package hyperref Info: bookmark level for unknown algorithm defaults to 0 on input line 50.

LaTeX Warning: Command \cyri invalid in math mode on input line 70.


LaTeX Warning: Command \cyrs invalid in math mode on input line 70.


LaTeX Warning: Command \cyrh invalid in math mode on input line 70.


LaTeX Warning: Command \cyro invalid in math mode on input line 70.


LaTeX Warning: Command \cyrd invalid in math mode on input line 70.


LaTeX Warning: Command \cyrya invalid in math mode on input line 70.


LaTeX Warning: Command \cyrshch invalid in math mode on input line 70.


LaTeX Warning: Command \cyri invalid in math mode on input line 70.


LaTeX Warning: Command \cyre invalid in math mode on input line 70.


LaTeX Warning: Command \cyri invalid in math mode on input line 70.


LaTeX Warning: Command \cyrz invalid in math mode on input line 70.


LaTeX Warning: Command \cyrr invalid in math mode on input line 70.


LaTeX Warning: Command \cyryo invalid in math mode on input line 70.


LaTeX Warning: Command \cyrb invalid in math mode on input line 70.


LaTeX Warning: Command \cyrr invalid in math mode on input line 70.


LaTeX Warning: Command \cyra invalid in math mode on input line 70.

Missing character: There is no и in font cmr12!
Missing character: There is no с in font cmr12!
Missing character: There is no х in font cmr12!
Missing character: There is no о in font cmr12!
Missing character: There is no д in font cmr12!
Missing character: There is no я in font cmr12!
Missing character: There is no щ in font cmr12!
Missing character: There is no и in font cmr12!
Missing character: There is no е in font cmr12!
Missing character: There is no и in font cmr12!
Missing character: There is no з in font cmr12!
Missing character: There is no р in font cmr12!
Missing character: There is no ј in font cmr12!
Missing character: There is no б in font cmr12!
Missing character: There is no р in font cmr12!
Missing character: There is no а in font cmr12!
)
Package babel Info: Redefining russian shorthand "|
(babel)             in language  on input line 28.
Package babel Info: Redefining russian shorthand "~
(babel)             in language  on input line 28.
Package babel Info: Redefining russian shorthand "|
(babel)             in language  on input line 28.
Package babel Info: Redefining russian shorthand "~
(babel)             in language  on input line 28.
 [4]
Package babel Info: Redefining russian shorthand "|
(babel)             in language  on input line 28.
Package babel Info: Redefining russian shorthand "~
(babel)             in language  on input line 28.
Package babel Info: Redefining russian shorthand "|
(babel)             in language  on input line 28.
Package babel Info: Redefining russian shorthand "~
(babel)             in language  on input line 28.
 [5]
\openout2 = `32-program-design.aux'.

 (./32-program-design.tex
Package babel Info: Redefining russian shorthand "|
(babel)             in language  on input line 3.
Package babel Info: Redefining russian shorthand "~
(babel)             in language  on input line 3.
Package babel Info: Redefining russian shorthand "|
(babel)             in language  on input line 14.
Package babel Info: Redefining russian shorthand "~
(babel)             in language  on input line 14.
 <inc/img/hexagon_offset.pdf, id=101, 525.965pt x 483.3006pt>
File: inc/img/hexagon_offset.pdf Graphic file (type pdf)
 <use inc/img/hexagon_offset.pdf>
Package pdftex.def Info: inc/img/hexagon_offset.pdf used on input line 30.
(pdftex.def)             Requested size: 213.96529pt x 196.60587pt.
 <inc/img/hexagon_ordinal.pdf, id=102, 525.965pt x 483.3006pt>
File: inc/img/hexagon_ordinal.pdf Graphic file (type pdf)
 <use inc/img/hexagon_ordinal.pdf>
Package pdftex.def Info: inc/img/hexagon_ordinal.pdf used on input line 36.
(pdftex.def)             Requested size: 213.96529pt x 196.60587pt.
Package babel Info: Redefining russian shorthand "|
(babel)             in language  on input line 41.
Package babel Info: Redefining russian shorthand "~
(babel)             in language  on input line 41.
Package babel Info: Redefining russian shorthand "|
(babel)             in language  on input line 41.
Package babel Info: Redefining russian shorthand "~
(babel)             in language  on input line 41.
 [6



] (/usr/local/texlive/2017/texmf-dist/tex/latex/ucs/data/uni-0.def
File: uni-0.def 2013/05/13 UCS: Unicode data U+0000..U+00FF
)
Package babel Info: Redefining russian shorthand "|
(babel)             in language  on input line 53.
Package babel Info: Redefining russian shorthand "~
(babel)             in language  on input line 53.
Package babel Info: Redefining russian shorthand "|
(babel)             in language  on input line 53.
Package babel Info: Redefining russian shorthand "~
(babel)             in language  on input line 53.
 [7 <./inc/img/hexagon_offset.pdf> <./inc/img/hexagon_ordinal.pdf

pdfTeX warning: /Library/TeX/texbin/pdflatex (file ./inc/img/hexagon_ordinal.pdf): PDF inclusion: multiple pdfs with page group included in a single page
>] <inc/img/hexagon_cube.pdf, id=169, 525.965pt x 483.3006pt>
File: inc/img/hexagon_cube.pdf Graphic file (type pdf)
 <use inc/img/hexagon_cube.pdf>
Package pdftex.def Info: inc/img/hexagon_cube.pdf used on input line 59.
(pdftex.def)             Requested size: 213.96529pt x 196.60587pt.
 <inc/img/hexagon_axial.pdf, id=170, 525.965pt x 483.3006pt>
File: inc/img/hexagon_axial.pdf Graphic file (type pdf)
 <use inc/img/hexagon_axial.pdf>
Package pdftex.def Info: inc/img/hexagon_axial.pdf used on input line 65.
(pdftex.def)             Requested size: 213.96529pt x 196.60587pt.
Package babel Info: Redefining russian shorthand "|
(babel)             in language  on input line 72.
Package babel Info: Redefining russian shorthand "~
(babel)             in language  on input line 72.
 <inc/img/hexagon_weight.pdf, id=173, 475.54663pt x 232.0148pt>
File: inc/img/hexagon_weight.pdf Graphic file (type pdf)
 <use inc/img/hexagon_weight.pdf>
Package pdftex.def Info: inc/img/hexagon_weight.pdf used on input line 76.
(pdftex.def)             Requested size: 279.93878pt x 136.57462pt.
Package babel Info: Redefining russian shorthand "|
(babel)             in language  on input line 80.
Package babel Info: Redefining russian shorthand "~
(babel)             in language  on input line 80.
Package babel Info: Redefining russian shorthand "|
(babel)             in language  on input line 80.
Package babel Info: Redefining russian shorthand "~
(babel)             in language  on input line 80.
 [8 <./inc/img/hexagon_cube.pdf> <./inc/img/hexagon_axial.pdf

pdfTeX warning: /Library/TeX/texbin/pdflatex (file ./inc/img/hexagon_axial.pdf): PDF inclusion: multiple pdfs with page group included in a single page
>] <inc/img/neib.pdf, id=335, 166.4609pt x 161.72018pt>
File: inc/img/neib.pdf Graphic file (type pdf)
 <use inc/img/neib.pdf>
Package pdftex.def Info: inc/img/neib.pdf used on input line 94.
(pdftex.def)             Requested size: 140.57803pt x 136.57462pt.

Underfull \hbox (badness 1014) in paragraph at lines 82--98
\T2A/cmr/m/n/14.4 ве ку^^?би^^?че^^?ских ко^^?ор^^?ди^^?нат. Для это^^?го необ^^?хо^^?ди^^?мо век^^?тор ко^^?ор^^?ди^^?нат
 []

Package babel Info: Redefining russian shorthand "|
(babel)             in language  on input line 100.
Package babel Info: Redefining russian shorthand "~
(babel)             in language  on input line 100.
Package babel Info: Redefining russian shorthand "|
(babel)             in language  on input line 102.
Package babel Info: Redefining russian shorthand "~
(babel)             in language  on input line 102.
Package babel Info: Redefining russian shorthand "|
(babel)             in language  on input line 102.
Package babel Info: Redefining russian shorthand "~
(babel)             in language  on input line 102.
[9 <./inc/img/hexagon_weight.pdf> <./inc/img/neib.pdf

pdfTeX warning: /Library/TeX/texbin/pdflatex (file ./inc/img/neib.pdf): PDF inclusion: multiple pdfs with page group included in a single page
>]
Package babel Info: Redefining russian shorthand "|
(babel)             in language  on input line 115.
Package babel Info: Redefining russian shorthand "~
(babel)             in language  on input line 115.
Package babel Info: Redefining russian shorthand "|
(babel)             in language  on input line 115.
Package babel Info: Redefining russian shorthand "~
(babel)             in language  on input line 115.
 [10] <inc/img/hexagon_edges.pdf, id=414, 217.99744pt x 232.0148pt>
File: inc/img/hexagon_edges.pdf Graphic file (type pdf)
 <use inc/img/hexagon_edges.pdf>
Package pdftex.def Info: inc/img/hexagon_edges.pdf used on input line 137.
(pdftex.def)             Requested size: 113.81102pt x 121.12985pt.
Package babel Info: Redefining russian shorthand "|
(babel)             in language  on input line 155.
Package babel Info: Redefining russian shorthand "~
(babel)             in language  on input line 155.
Package babel Info: Redefining russian shorthand "|
(babel)             in language  on input line 155.
Package babel Info: Redefining russian shorthand "~
(babel)             in language  on input line 155.
 [11 <./inc/img/hexagon_edges.pdf>] <inc/img/hexagon_gradient.pdf, id=446, 211.03844pt x 53.98047pt>
File: inc/img/hexagon_gradient.pdf Graphic file (type pdf)
 <use inc/img/hexagon_gradient.pdf>
Package pdftex.def Info: inc/img/hexagon_gradient.pdf used on input line 161.
(pdftex.def)             Requested size: 213.96529pt x 54.73068pt.
 <inc/img/gradient.pdf, id=447, 194.93729pt x 33.78471pt>
File: inc/img/gradient.pdf Graphic file (type pdf)
 <use inc/img/gradient.pdf>
Package pdftex.def Info: inc/img/gradient.pdf used on input line 167.
(pdftex.def)             Requested size: 213.96529pt x 37.08492pt.
Package babel Info: Redefining russian shorthand "|
(babel)             in language  on input line 179.
Package babel Info: Redefining russian shorthand "~
(babel)             in language  on input line 179.
Package babel Info: Redefining russian shorthand "|
(babel)             in language  on input line 179.
Package babel Info: Redefining russian shorthand "~
(babel)             in language  on input line 179.
 [12 <./inc/img/hexagon_gradient.pdf> <./inc/img/gradient.pdf

pdfTeX warning: /Library/TeX/texbin/pdflatex (file ./inc/img/gradient.pdf): PDF inclusion: multiple pdfs with page group included in a single page
>] <inc/img/calcPoint_two.pdf, id=514, 575.67072pt x 523.37029pt>
File: inc/img/calcPoint_two.pdf Graphic file (type pdf)
 <use inc/img/calcPoint_two.pdf>
Package pdftex.def Info: inc/img/calcPoint_two.pdf used on input line 187.
(pdftex.def)             Requested size: 213.96529pt x 194.53041pt.
 <inc/img/calcPoint_three.pdf, id=515, 562.1pt x 512.9042pt>
File: inc/img/calcPoint_three.pdf Graphic file (type pdf)
 <use inc/img/calcPoint_three.pdf>
Package pdftex.def Info: inc/img/calcPoint_three.pdf used on input line 193.
(pdftex.def)             Requested size: 213.96529pt x 195.23433pt.
)
Package babel Info: Redefining russian shorthand "|
(babel)             in language  on input line 29.
Package babel Info: Redefining russian shorthand "~
(babel)             in language  on input line 29.
Package babel Info: Redefining russian shorthand "|
(babel)             in language  on input line 29.
Package babel Info: Redefining russian shorthand "~
(babel)             in language  on input line 29.
 [13 <./inc/img/calcPoint_two.pdf> <./inc/img/calcPoint_three.pdf>]
\openout2 = `33-program-realization.aux'.

 (./33-program-realization.tex
Package babel Info: Redefining russian shorthand "|
(babel)             in language  on input line 4.
Package babel Info: Redefining russian shorthand "~
(babel)             in language  on input line 4.

Underfull \hbox (badness 10000) in paragraph at lines 10--10
[]|\T2A/cmr/bx/n/14.4 Тип
 []


Underfull \hbox (badness 10000) in paragraph at lines 10--10
\T2A/cmr/bx/n/14.4 воз^^?вра^^?
 []


Underfull \hbox (badness 10000) in paragraph at lines 10--10
\T2A/cmr/bx/n/14.4 ща^^?е^^?
 []


Underfull \hbox (badness 10000) in paragraph at lines 10--10
\T2A/cmr/bx/n/14.4 мо^^?го
 []


Underfull \hbox (badness 10000) in paragraph at lines 10--10
\T2A/cmr/bx/n/14.4 эле^^?мен^^?
 []


Overfull \hbox (0.52084pt too wide) in paragraph at lines 10--10
[]|\T2A/cmr/bx/n/14.4 Параме^^?
 []


Underfull \hbox (badness 10000) in paragraph at lines 15--15
[]|\T2A/cmr/m/n/14.4 HexGrid^^?
 []


Underfull \hbox (badness 10000) in paragraph at lines 15--15
[]|\T2A/cmr/m/n/14.4 QWidget
 []


Underfull \hbox (badness 10000) in paragraph at lines 15--15
\T2A/cmr/m/n/14.4 *parent
 []


Underfull \hbox (badness 3049) in paragraph at lines 15--15
\T2A/cmr/m/n/14.4 сет^^?ки и управ^^?ля^^?ю^^?щих эле^^?мен^^?тов
 []


Underfull \hbox (badness 3503) in paragraph at lines 16--16
[]|\T2A/cmr/m/n/14.4 Позволяет поль^^?зо^^?ва^^?те^^?лю вы^^?брать
 []


Underfull \hbox (badness 10000) in paragraph at lines 17--17
[]|\T2A/cmr/m/n/14.4 saveHex^^?
 []


Underfull \hbox (badness 3503) in paragraph at lines 17--17
[]|\T2A/cmr/m/n/14.4 Позволяет поль^^?зо^^?ва^^?те^^?лю вы^^?брать
 []


Underfull \hbox (badness 10000) in paragraph at lines 18--18
[]|\T2A/cmr/m/n/14.4 create^^?
 []


Underfull \hbox (badness 10000) in paragraph at lines 18--18
\T2A/cmr/m/n/14.4 NewHex^^?
 []


Underfull \hbox (badness 10000) in paragraph at lines 18--18
[]|\T2A/cmr/m/n/14.4 int
 []


Underfull \hbox (badness 10000) in paragraph at lines 19--19
[]|\T2A/cmr/m/n/14.4 closeCur^^?
 []


Underfull \hbox (badness 10000) in paragraph at lines 19--19
\T2A/cmr/m/n/14.4 rentHex^^?
 []


Underfull \hbox (badness 10000) in paragraph at lines 20--20
[]|\T2A/cmr/m/n/14.4 saveAllIt^^?
 []


Underfull \hbox (badness 3503) in paragraph at lines 20--20
[]|\T2A/cmr/m/n/14.4 Позволяет поль^^?зо^^?ва^^?те^^?лю вы^^?брать
 []


Underfull \hbox (badness 10000) in paragraph at lines 21--21
[]|\T2A/cmr/m/n/14.4 doDijks^^?
 []


Underfull \hbox (badness 10000) in paragraph at lines 21--21
[]|\T2A/cmr/m/n/14.4 bool
 []


Underfull \hbox (badness 10000) in paragraph at lines 21--21
\T2A/cmr/m/n/14.4 bySteps
 []


Underfull \hbox (badness 1077) in paragraph at lines 21--21
\T2A/cmr/m/n/14.4 сет^^?ке с воз^^?мож^^?но^^?стью по^^?этап^^?но^^?го
 []

Package babel Info: Redefining russian shorthand "|
(babel)             in language  on input line 24.
Package babel Info: Redefining russian shorthand "~
(babel)             in language  on input line 24.
Package babel Info: Redefining russian shorthand "|
(babel)             in language  on input line 24.
Package babel Info: Redefining russian shorthand "~
(babel)             in language  on input line 24.
[14



]
Underfull \hbox (badness 10000) in paragraph at lines 30--30
[]|\T2A/cmr/bx/n/14.4 Мод.
 []


Overfull \hbox (0.52084pt too wide) in paragraph at lines 30--30
[]|\T2A/cmr/bx/n/14.4 Параме^^?
 []


Underfull \hbox (badness 10000) in paragraph at lines 35--35
[]|\T2A/cmr/m/n/14.4 HexGrid^^?
 []


Underfull \hbox (badness 10000) in paragraph at lines 35--35
[]|\T2A/cmr/m/n/14.4 Triangular^^?
 []


Underfull \hbox (badness 10000) in paragraph at lines 35--35
\T2A/cmr/m/n/14.4 HexGraph
 []


Underfull \hbox (badness 10000) in paragraph at lines 35--35
\T2A/cmr/m/n/14.4 **hexGrid^^?
 []


Underfull \hbox (badness 10000) in paragraph at lines 35--35
\T2A/cmr/m/n/14.4 Model,
 []


Underfull \hbox (badness 10000) in paragraph at lines 35--35
\T2A/cmr/m/n/14.4 QWidget
 []


Overfull \hbox (0.9689pt too wide) in paragraph at lines 36--36
[]|\T2A/cmr/m/n/14.4 openMou^^?
 []


Underfull \hbox (badness 10000) in paragraph at lines 36--36
\T2A/cmr/m/n/14.4 seSetti^^?
 []


Overfull \hbox (6.75526pt too wide) in paragraph at lines 36--36
\T2A/cmr/m/n/14.4 ngsWidget| 
 []


Underfull \hbox (badness 10000) in paragraph at lines 37--37
[]|\T2A/cmr/m/n/14.4 choose^^?
 []


Underfull \hbox (badness 10000) in paragraph at lines 38--38
[]|\T2A/cmr/m/n/14.4 choose^^?
 []


Underfull \hbox (badness 10000) in paragraph at lines 38--38
\T2A/cmr/m/n/14.4 Finish^^?
 []


Underfull \hbox (badness 10000) in paragraph at lines 39--39
[]|\T2A/cmr/m/n/14.4 paint^^?
 []


Underfull \hbox (badness 10000) in paragraph at lines 39--39
[]|\T2A/cmr/m/n/14.4 QPaint^^?
 []


Underfull \hbox (badness 10000) in paragraph at lines 40--40
[]|\T2A/cmr/m/n/14.4 mouse^^?
 []


Underfull \hbox (badness 10000) in paragraph at lines 40--40
\T2A/cmr/m/n/14.4 Press^^?
 []


Underfull \hbox (badness 10000) in paragraph at lines 40--40
[]|\T2A/cmr/m/n/14.4 QMouse^^?
 []


Underfull \hbox (badness 10000) in paragraph at lines 51--51
[]|\T2A/cmr/bx/n/14.4 Тип
 []


Underfull \hbox (badness 10000) in paragraph at lines 51--51
\T2A/cmr/bx/n/14.4 воз^^?вра^^?
 []


Underfull \hbox (badness 10000) in paragraph at lines 51--51
\T2A/cmr/bx/n/14.4 ща^^?е^^?
 []


Underfull \hbox (badness 10000) in paragraph at lines 51--51
\T2A/cmr/bx/n/14.4 мо^^?го
 []


Underfull \hbox (badness 10000) in paragraph at lines 51--51
\T2A/cmr/bx/n/14.4 эле^^?мен^^?
 []


Overfull \hbox (0.52084pt too wide) in paragraph at lines 51--51
[]|\T2A/cmr/bx/n/14.4 Параме^^?
 []


Underfull \hbox (badness 10000) in paragraph at lines 56--56
[]|\T2A/cmr/m/n/14.4 Trian^^?
 []


Underfull \hbox (badness 10000) in paragraph at lines 56--56
\T2A/cmr/m/n/14.4 gular^^?Hex^^?
 []


Underfull \hbox (badness 10000) in paragraph at lines 56--56
[]|\T2A/cmr/m/n/14.4 unsigned
 []


Underfull \hbox (badness 1960) in paragraph at lines 56--56
[]|\T2A/cmr/m/n/14.4 Конструктор клас^^?са, пе^^?ре^^?да^^?ет^^?ся
 []


Underfull \hbox (badness 10000) in paragraph at lines 57--57
[]|\T2A/cmr/m/n/14.4 setHex^^?
 []


Underfull \hbox (badness 10000) in paragraph at lines 57--57
[]|\T2A/cmr/m/n/14.4 double
 []


Underfull \hbox (badness 2452) in paragraph at lines 57--57
[]|\T2A/cmr/m/n/14.4 Задаем раз^^?мер ше^^?сти^^?уголь^^?ни^^?ка,
 []


Underfull \hbox (badness 10000) in paragraph at lines 58--58
[]|\T2A/cmr/m/n/14.4 toCube^^?
 []


Overfull \hbox (3.52452pt too wide) in paragraph at lines 58--58
\T2A/cmr/m/n/14.4 fromOffset| 
 []


Underfull \hbox (badness 10000) in paragraph at lines 58--58
[]|\T2A/cmr/m/n/14.4 HexCoord
 []


Underfull \hbox (badness 10000) in paragraph at lines 58--58
\T2A/cmr/m/n/14.4 row,
 []


Underfull \hbox (badness 10000) in paragraph at lines 58--58
\T2A/cmr/m/n/14.4 HexCoord
 []


Underfull \hbox (badness 10000) in paragraph at lines 59--59
[]|\T2A/cmr/m/n/14.4 toCube^^?
 []


Overfull \hbox (3.64159pt too wide) in paragraph at lines 59--59
\T2A/cmr/m/n/14.4 FromAxial| 
 []


Underfull \hbox (badness 10000) in paragraph at lines 59--59
[]|\T2A/cmr/m/n/14.4 HexCoord
 []


Underfull \hbox (badness 10000) in paragraph at lines 59--59
\T2A/cmr/m/n/14.4 q,
 []


Underfull \hbox (badness 10000) in paragraph at lines 59--59
\T2A/cmr/m/n/14.4 HexCoord
 []


Overfull \hbox (0.7845pt too wide) in paragraph at lines 60--60
[]|\T2A/cmr/m/n/14.4 getWeight| 
 []


Underfull \hbox (badness 10000) in paragraph at lines 60--60
[]|\T2A/cmr/m/n/14.4 HexCube
 []


Underfull \hbox (badness 1622) in paragraph at lines 60--60
[]|\T2A/cmr/m/n/14.4 Возвращает вес ше^^?сти^^?уголь^^?ни^^?ка
 []


Underfull \hbox (badness 10000) in paragraph at lines 61--61
[]|\T2A/cmr/m/n/14.4 setPlus^^?
 []


Underfull \hbox (badness 10000) in paragraph at lines 61--61
[]|\T2A/cmr/m/n/14.4 HexData
 []


Underfull \hbox (badness 10000) in paragraph at lines 61--61
\T2A/cmr/m/n/14.4 HexCoord
 []


Underfull \hbox (badness 10000) in paragraph at lines 61--61
\T2A/cmr/m/n/14.4 row,
 []


Underfull \hbox (badness 10000) in paragraph at lines 61--61
\T2A/cmr/m/n/14.4 HexCoord
 []


Underfull \hbox (badness 10000) in paragraph at lines 62--62
[]|\T2A/cmr/m/n/14.4 setMinus^^?
 []


Underfull \hbox (badness 10000) in paragraph at lines 62--62
[]|\T2A/cmr/m/n/14.4 HexData
 []


Overfull \hbox (2.5089pt too wide) in paragraph at lines 62--62
\T2A/cmr/m/n/14.4 decrement,
 []


Underfull \hbox (badness 10000) in paragraph at lines 62--62
\T2A/cmr/m/n/14.4 HexCoord
 []


Underfull \hbox (badness 10000) in paragraph at lines 62--62
\T2A/cmr/m/n/14.4 row,
 []


Underfull \hbox (badness 10000) in paragraph at lines 62--62
\T2A/cmr/m/n/14.4 HexCoord
 []


Overfull \hbox (2.19022pt too wide) in paragraph at lines 63--63
[]|\T2A/cmr/m/n/14.4 std::vector^^?
 []


Underfull \hbox (badness 10000) in paragraph at lines 63--63
\T2A/cmr/m/n/14.4 <svg::^^?
 []


Underfull \hbox (badness 10000) in paragraph at lines 63--63
[]|\T2A/cmr/m/n/14.4 getHex^^?
 []


Underfull \hbox (badness 10000) in paragraph at lines 63--63
\T2A/cmr/m/n/14.4 Edge^^?
 []


Underfull \hbox (badness 10000) in paragraph at lines 63--63
[]|\T2A/cmr/m/n/14.4 HexCoord
 []


Underfull \hbox (badness 10000) in paragraph at lines 63--63
\T2A/cmr/m/n/14.4 row,
 []


Underfull \hbox (badness 10000) in paragraph at lines 63--63
\T2A/cmr/m/n/14.4 HexCoord
 []


Overfull \hbox (2.19022pt too wide) in paragraph at lines 64--64
[]|\T2A/cmr/m/n/14.4 std::vector^^?
 []


Underfull \hbox (badness 10000) in paragraph at lines 64--64
[]|\T2A/cmr/m/n/14.4 HexCoord
 []


Underfull \hbox (badness 10000) in paragraph at lines 64--64
\T2A/cmr/m/n/14.4 row,
 []


Underfull \hbox (badness 10000) in paragraph at lines 64--64
\T2A/cmr/m/n/14.4 HexCoord
 []


Underfull \hbox (badness 10000) in paragraph at lines 65--65
\T2A/cmr/m/n/14.4 with^^?
 []


Underfull \hbox (badness 10000) in paragraph at lines 65--65
[]|\T2A/cmr/m/n/14.4 std::map^^?
 []


Underfull \hbox (badness 10000) in paragraph at lines 65--65
\T2A/cmr/m/n/14.4 <Hex^^?
 []


Underfull \hbox (badness 10000) in paragraph at lines 65--65
\T2A/cmr/m/n/14.4 Cube,
 []


Underfull \hbox (badness 10000) in paragraph at lines 65--65
\T2A/cmr/m/n/14.4 Hex^^?
 []


Underfull \hbox (badness 10000) in paragraph at lines 65--65
\T2A/cmr/m/n/14.4 Data>*
 []


Underfull \hbox (badness 10000) in paragraph at lines 65--65
\T2A/cmr/m/n/14.4 frontiers,
 []


Overfull \hbox (2.19022pt too wide) in paragraph at lines 65--65
\T2A/cmr/m/n/14.4 std::vector^^?
 []


Underfull \hbox (badness 10000) in paragraph at lines 65--65
\T2A/cmr/m/n/14.4 <Hex^^?
 []


Underfull \hbox (badness 10000) in paragraph at lines 65--65
\T2A/cmr/m/n/14.4 Cube>*
 []


Underfull \hbox (badness 10000) in paragraph at lines 65--65
\T2A/cmr/m/n/14.4 path,
 []


Underfull \hbox (badness 10000) in paragraph at lines 65--65
\T2A/cmr/m/n/14.4 std::string
 []

Package babel Info: Redefining russian shorthand "|
(babel)             in language  on input line 68.
Package babel Info: Redefining russian shorthand "~
(babel)             in language  on input line 68.
Package babel Info: Redefining russian shorthand "|
(babel)             in language  on input line 68.
Package babel Info: Redefining russian shorthand "~
(babel)             in language  on input line 68.
[15]
Package babel Info: Redefining russian shorthand "|
(babel)             in language  on input line 68.
Package babel Info: Redefining russian shorthand "~
(babel)             in language  on input line 68.
Package babel Info: Redefining russian shorthand "|
(babel)             in language  on input line 68.
Package babel Info: Redefining russian shorthand "~
(babel)             in language  on input line 68.
 [16])
Package babel Info: Redefining russian shorthand "|
(babel)             in language  on input line 30.
Package babel Info: Redefining russian shorthand "~
(babel)             in language  on input line 30.
Package babel Info: Redefining russian shorthand "|
(babel)             in language  on input line 30.
Package babel Info: Redefining russian shorthand "~
(babel)             in language  on input line 30.
 [17]
\openout2 = `34-instruction.aux'.

 (./34-instruction.tex
Package babel Info: Redefining russian shorthand "|
(babel)             in language  on input line 1.
Package babel Info: Redefining russian shorthand "~
(babel)             in language  on input line 1.
 <inc/img/menuWitCreate.png, id=1576, 614.295pt x 636.3775pt>
File: inc/img/menuWitCreate.png Graphic file (type png)
 <use inc/img/menuWitCreate.png>
Package pdftex.def Info: inc/img/menuWitCreate.png used on input line 14.
(pdftex.def)             Requested size: 213.96529pt x 221.65761pt.
 <inc/img/numOfElems.png, id=1577, 1043.9pt x 622.325pt>
File: inc/img/numOfElems.png Graphic file (type png)
 <use inc/img/numOfElems.png>
Package pdftex.def Info: inc/img/numOfElems.png used on input line 20.
(pdftex.def)             Requested size: 213.96529pt x 127.54895pt.
 <inc/img/menu.png, id=1578, 489.83pt x 117.43875pt>
File: inc/img/menu.png Graphic file (type png)
 <use inc/img/menu.png>
Package pdftex.def Info: inc/img/menu.png used on input line 30.
(pdftex.def)             Requested size: 213.96529pt x 51.29868pt.
 <inc/img/doSomeThings.png, id=1579, 1120.185pt x 730.73pt>
File: inc/img/doSomeThings.png Graphic file (type png)
 <use inc/img/doSomeThings.png>
Package pdftex.def Info: inc/img/doSomeThings.png used on input line 36.
(pdftex.def)             Requested size: 213.96529pt x 139.57603pt.


LaTeX Warning: `h' float specifier changed to `ht'.

Package babel Info: Redefining russian shorthand "|
(babel)             in language  on input line 43.
Package babel Info: Redefining russian shorthand "~
(babel)             in language  on input line 43.
Package babel Info: Redefining russian shorthand "|
(babel)             in language  on input line 43.
Package babel Info: Redefining russian shorthand "~
(babel)             in language  on input line 43.
[18



 <./inc/img/menuWitCreate.png (PNG copy)> <./inc/img/numOfElems.png (PNG copy)>] <inc/img/path.png, id=1585, 1100.11pt x 730.73pt>
File: inc/img/path.png Graphic file (type png)
 <use inc/img/path.png>
Package pdftex.def Info: inc/img/path.png used on input line 48.
(pdftex.def)             Requested size: 213.96529pt x 142.11824pt.
 <inc/img/pathInAlg.png, id=1586, 1100.11pt x 730.73pt>
File: inc/img/pathInAlg.png Graphic file (type png)
 <use inc/img/pathInAlg.png>
Package pdftex.def Info: inc/img/pathInAlg.png used on input line 54.
(pdftex.def)             Requested size: 213.96529pt x 142.11824pt.
)
Package babel Info: Redefining russian shorthand "|
(babel)             in language  on input line 31.
Package babel Info: Redefining russian shorthand "~
(babel)             in language  on input line 31.
Package babel Info: Redefining russian shorthand "|
(babel)             in language  on input line 31.
Package babel Info: Redefining russian shorthand "~
(babel)             in language  on input line 31.
 [19 <./inc/img/menu.png (PNG copy)> <./inc/img/doSomeThings.png (PNG copy)> <./inc/img/path.png (PNG copy)> <./inc/img/pathInAlg.png (PNG copy)>]
\openout2 = `35-testing.aux'.

 (./35-testing.tex
Package babel Info: Redefining russian shorthand "|
(babel)             in language  on input line 1.
Package babel Info: Redefining russian shorthand "~
(babel)             in language  on input line 1.

Underfull \hbox (badness 10000) in paragraph at lines 13--14
[]\T2A/cmr/m/n/14.4 Путь к ди^^?рек^^?то^^?рии, где рас^^?по^^?ло^^?же^^?ны svg-^^?фай^^?лы
 []


LaTeX Warning: No positions in optional float specifier.
               Default added (so using `bph') on input line 19.


Underfull \hbox (badness 10000) in paragraph at lines 24--24
[]\T2A/cmr/bx/n/14.4 Время вы^^?
 []


Underfull \hbox (badness 10000) in paragraph at lines 24--24
\T2A/cmr/bx/n/14.4 пол^^?не^^?ния
 []


Underfull \hbox (badness 10000) in paragraph at lines 24--24
\T2A/cmr/bx/n/14.4 ал^^?го^^?рит^^?ма
 []


Underfull \hbox (badness 10000) in paragraph at lines 24--24
\T2A/cmr/bx/n/14.4 Дейкс^^?т^^?ры
 []

)
Package babel Info: Redefining russian shorthand "|
(babel)             in language  on input line 32.
Package babel Info: Redefining russian shorthand "~
(babel)             in language  on input line 32.
Package babel Info: Redefining russian shorthand "|
(babel)             in language  on input line 32.
Package babel Info: Redefining russian shorthand "~
(babel)             in language  on input line 32.
 [20



]
\openout2 = `5-biblio.aux'.

 (./5-biblio.tex (/Users/const/Documents/Develop/labs-2term/Discrete-math--courswork/doc/tex/.texpadtmp/0-main.bbl
Package babel Info: Redefining russian shorthand "|
(babel)             in language  on input line 1.
Package babel Info: Redefining russian shorthand "~
(babel)             in language  on input line 1.
LaTeX Font Info:    Try loading font information for T2A+cmtt on input line 14.
 (/usr/local/texlive/2017/texmf-dist/tex/latex/cyrillic/t2acmtt.fd
File: t2acmtt.fd 2001/08/11 v1.0a Computer Modern Cyrillic font definitions
)
Underfull \hbox (badness 2119) in paragraph at lines 12--15
[]\T2A/cmr/m/it/14.4 Patel, Amit\T2A/cmr/m/n/14.4 . Hexag^^?o^^?nal Grids [Электронный ресурс] (дата
 []

))
Package babel Info: Redefining russian shorthand "|
(babel)             in language  on input line 39.
Package babel Info: Redefining russian shorthand "~
(babel)             in language  on input line 39.
Package babel Info: Redefining russian shorthand "|
(babel)             in language  on input line 39.
Package babel Info: Redefining russian shorthand "~
(babel)             in language  on input line 39.
 [21



]
Package atveryend Info: Empty hook `BeforeClearDocument' on input line 45.
Package atveryend Info: Empty hook `AfterLastShipout' on input line 45.
 (/Users/const/Documents/Develop/labs-2term/Discrete-math--courswork/doc/tex/.texpadtmp/0-main.aux (/Users/const/Documents/Develop/labs-2term/Discrete-math--courswork/doc/tex/.texpadtmp/31-analysis.aux) (/Users/const/Documents/Develop/labs-2term/Discrete-math--courswork/doc/tex/.texpadtmp/32-program-design.aux) (/Users/const/Documents/Develop/labs-2term/Discrete-math--courswork/doc/tex/.texpadtmp/33-program-realization.aux) (/Users/const/Documents/Develop/labs-2term/Discrete-math--courswork/doc/tex/.texpadtmp/34-instruction.aux) (/Users/const/Documents/Develop/labs-2term/Discrete-math--courswork/doc/tex/.texpadtmp/35-testing.aux) (/Users/const/Documents/Develop/labs-2term/Discrete-math--courswork/doc/tex/.texpadtmp/5-biblio.aux))
Package atveryend Info: Executing hook `AtVeryEndDocument' on input line 45.
Package atveryend Info: Executing hook `AtEndAfterFileList' on input line 45.
Package rerunfilecheck Info: File `0-main.out' has not changed.
(rerunfilecheck)             Checksum: <no file>.


LaTeX Font Warning: Some font shapes were not available, defaults substituted.


LaTeX Warning: There were multiply-defined labels.

Package atveryend Info: Empty hook `AtVeryVeryEnd' on input line 45.
 ) 
Here is how much of TeX's memory you used:
 17586 strings out of 492995
 260869 string characters out of 6132704
 396889 words of memory out of 5000000
 20666 multiletter control sequences out of 15000+600000
 14495 words of font info for 37 fonts, out of 8000000 for 9000
 1141 hyphenation exceptions out of 8191
 50i,10n,68p,1441b,621s stack positions out of 5000i,500n,10000p,200000b,80000s
{/usr/local/texlive/2017/texmf-dist/fonts/enc/dvips/cm-super/cm-super-t2a.enc}</usr/local/texlive/2017/texmf-dist/fonts/type1/public/amsfonts/cm/cmex10.pfb></usr/local/texlive/2017/texmf-dist/fonts/type1/public/amsfonts/cm/cmmi10.pfb></usr/local/texlive/2017/texmf-dist/fonts/type1/public/amsfonts/cm/cmmi12.pfb></usr/local/texlive/2017/texmf-dist/fonts/type1/public/amsfonts/cm/cmmi7.pfb></usr/local/texlive/2017/texmf-dist/fonts/type1/public/amsfonts/cm/cmr10.pfb></usr/local/texlive/2017/texmf-dist/fonts/type1/public/amsfonts/cm/cmr12.pfb></usr/local/texlive/2017/texmf-dist/fonts/type1/public/amsfonts/cm/cmsy10.pfb></usr/local/texlive/2017/texmf-dist/fonts/type1/public/amsfonts/symbols/msbm10.pfb></usr/local/texlive/2017/texmf-dist/fonts/type1/public/cm-super/sfbx1440.pfb></usr/local/texlive/2017/texmf-dist/fonts/type1/public/cm-super/sfbx1728.pfb></usr/local/texlive/2017/texmf-dist/fonts/type1/public/cm-super/sfrm1440.pfb></usr/local/texlive/2017/texmf-dist/fonts/type1/public/cm-super/sfti1440.pfb></usr/local/texlive/2017/texmf-dist/fonts/type1/public/cm-super/sftt1440.pfb>
Output written on /Users/const/Documents/Develop/labs-2term/Discrete-math--courswork/doc/tex/.texpadtmp/0-main.pdf (20 pages, 4515533 bytes).
PDF statistics:
 1678 PDF objects out of 1728 (max. 8388607)
 1127 compressed objects within 12 object streams
 82 named destinations out of 1000 (max. 500000)
 199 words of extra memory for PDF output out of 10000 (max. 10000000)

